2024-08-06T04:45:11.277Z [Modules] Modules initializing
2024-08-06T04:45:11.277Z [Modules] Distribution: remote
2024-08-06T04:45:11.277Z [Modules] Host updates: enabled
2024-08-06T04:45:11.278Z [Modules] Module updates: enabled
2024-08-06T04:45:11.278Z [Modules] Module install path: /home/lyra/.config/discord/0.0.63/modules
2024-08-06T04:45:11.278Z [Modules] Module installed file path: /home/lyra/.config/discord/0.0.63/modules/installed.json
2024-08-06T04:45:11.278Z [Modules] Module download path: /home/lyra/.config/discord/0.0.63/modules/pending
2024-08-06T04:45:11.553Z [Modules] Bootstrapping...
2024-08-06T04:45:11.554Z [Modules] Installing discord_desktop_core@0 from /opt/discord/resources/bootstrap/discord_desktop_core.zip
2024-08-06T04:45:11.557Z [Modules] Failed installing discord_desktop_core@0: Error: ENOENT: no such file or directory, open '/opt/discord/resources/bootstrap/discord_desktop_core.zip'
2024-08-06T04:45:11.558Z [Modules] Installing discord_erlpack@0 from /opt/discord/resources/bootstrap/discord_erlpack.zip
2024-08-06T04:45:11.560Z [Modules] Failed installing discord_erlpack@0: Error: ENOENT: no such file or directory, open '/opt/discord/resources/bootstrap/discord_erlpack.zip'
2024-08-06T04:45:11.560Z [Modules] Installing discord_spellcheck@0 from /opt/discord/resources/bootstrap/discord_spellcheck.zip
2024-08-06T04:45:11.561Z [Modules] Failed installing discord_spellcheck@0: Error: ENOENT: no such file or directory, open '/opt/discord/resources/bootstrap/discord_spellcheck.zip'
2024-08-06T04:45:11.562Z [Modules] Installing discord_utils@0 from /opt/discord/resources/bootstrap/discord_utils.zip
2024-08-06T04:45:11.563Z [Modules] Failed installing discord_utils@0: Error: ENOENT: no such file or directory, open '/opt/discord/resources/bootstrap/discord_utils.zip'
2024-08-06T04:45:11.564Z [Modules] Installing discord_voice@0 from /opt/discord/resources/bootstrap/discord_voice.zip
2024-08-06T04:45:11.565Z [Modules] Failed installing discord_voice@0: Error: ENOENT: no such file or directory, open '/opt/discord/resources/bootstrap/discord_voice.zip'
2024-08-06T04:45:11.565Z [Modules] Installing discord_zstd@0 from /opt/discord/resources/bootstrap/discord_zstd.zip
2024-08-06T04:45:11.574Z [Modules] Failed installing discord_zstd@0: Error: ENOENT: no such file or directory, open '/opt/discord/resources/bootstrap/discord_zstd.zip'
2024-08-06T04:45:11.575Z [Modules] Finished module installations. [success: 0] [failure: 6]
2024-08-06T04:45:11.575Z [Modules] Checking for host updates.
2024-08-06T04:45:11.843Z [Modules] Host is up to date.
2024-08-06T04:45:11.843Z [Modules] Checking for module updates at https://discord.com/api/modules/stable/versions.json
2024-08-06T04:45:11.890Z [Modules] Module update available: discord_desktop_core@1 [installed: 0]
2024-08-06T04:45:11.890Z [Modules] Module update available: discord_erlpack@1 [installed: 0]
2024-08-06T04:45:11.890Z [Modules] Module update available: discord_spellcheck@1 [installed: 0]
2024-08-06T04:45:11.890Z [Modules] Module update available: discord_utils@1 [installed: 0]
2024-08-06T04:45:11.890Z [Modules] Module update available: discord_voice@1 [installed: 0]
2024-08-06T04:45:11.890Z [Modules] Module update available: discord_zstd@1 [installed: 0]
2024-08-06T04:45:11.891Z [Modules] Fetching discord_desktop_core@1 from https://discord.com/api/modules/stable/discord_desktop_core/1
2024-08-06T04:45:11.891Z [Modules] Streaming discord_desktop_core@1 to /home/lyra/.config/discord/0.0.63/modules/pending/discord_desktop_core-1.zip
2024-08-06T04:45:12.322Z [Modules] Streaming discord_desktop_core@1 to /home/lyra/.config/discord/0.0.63/modules/pending/discord_desktop_core-1.zip: 2%
2024-08-06T04:45:12.403Z [Modules] Streaming discord_desktop_core@1 to /home/lyra/.config/discord/0.0.63/modules/pending/discord_desktop_core-1.zip: 3%
2024-08-06T04:45:12.437Z [Modules] Streaming discord_desktop_core@1 to /home/lyra/.config/discord/0.0.63/modules/pending/discord_desktop_core-1.zip: 4%
2024-08-06T04:45:12.439Z [Modules] Streaming discord_desktop_core@1 to /home/lyra/.config/discord/0.0.63/modules/pending/discord_desktop_core-1.zip: 5%
2024-08-06T04:45:12.440Z [Modules] Streaming discord_desktop_core@1 to /home/lyra/.config/discord/0.0.63/modules/pending/discord_desktop_core-1.zip: 6%
2024-08-06T04:45:12.452Z [Modules] Streaming discord_desktop_core@1 to /home/lyra/.config/discord/0.0.63/modules/pending/discord_desktop_core-1.zip: 8%
2024-08-06T04:45:12.456Z [Modules] Streaming discord_desktop_core@1 to /home/lyra/.config/discord/0.0.63/modules/pending/discord_desktop_core-1.zip: 10%
2024-08-06T04:45:12.461Z [Modules] Streaming discord_desktop_core@1 to /home/lyra/.config/discord/0.0.63/modules/pending/discord_desktop_core-1.zip: 13%
2024-08-06T04:45:12.462Z [Modules] Streaming discord_desktop_core@1 to /home/lyra/.config/discord/0.0.63/modules/pending/discord_desktop_core-1.zip: 14%
2024-08-06T04:45:12.468Z [Modules] Streaming discord_desktop_core@1 to /home/lyra/.config/discord/0.0.63/modules/pending/discord_desktop_core-1.zip: 15%
2024-08-06T04:45:12.475Z [Modules] Streaming discord_desktop_core@1 to /home/lyra/.config/discord/0.0.63/modules/pending/discord_desktop_core-1.zip: 16%
2024-08-06T04:45:12.523Z [Modules] Streaming discord_desktop_core@1 to /home/lyra/.config/discord/0.0.63/modules/pending/discord_desktop_core-1.zip: 18%
2024-08-06T04:45:12.528Z [Modules] Streaming discord_desktop_core@1 to /home/lyra/.config/discord/0.0.63/modules/pending/discord_desktop_core-1.zip: 20%
2024-08-06T04:45:12.529Z [Modules] Streaming discord_desktop_core@1 to /home/lyra/.config/discord/0.0.63/modules/pending/discord_desktop_core-1.zip: 21%
2024-08-06T04:45:12.539Z [Modules] Streaming discord_desktop_core@1 to /home/lyra/.config/discord/0.0.63/modules/pending/discord_desktop_core-1.zip: 23%
2024-08-06T04:45:12.544Z [Modules] Streaming discord_desktop_core@1 to /home/lyra/.config/discord/0.0.63/modules/pending/discord_desktop_core-1.zip: 26%
2024-08-06T04:45:12.545Z [Modules] Streaming discord_desktop_core@1 to /home/lyra/.config/discord/0.0.63/modules/pending/discord_desktop_core-1.zip: 27%
2024-08-06T04:45:12.556Z [Modules] Streaming discord_desktop_core@1 to /home/lyra/.config/discord/0.0.63/modules/pending/discord_desktop_core-1.zip: 29%
2024-08-06T04:45:12.557Z [Modules] Streaming discord_desktop_core@1 to /home/lyra/.config/discord/0.0.63/modules/pending/discord_desktop_core-1.zip: 30%
2024-08-06T04:45:12.636Z [Modules] Streaming discord_desktop_core@1 to /home/lyra/.config/discord/0.0.63/modules/pending/discord_desktop_core-1.zip: 32%
2024-08-06T04:45:12.637Z [Modules] Streaming discord_desktop_core@1 to /home/lyra/.config/discord/0.0.63/modules/pending/discord_desktop_core-1.zip: 34%
2024-08-06T04:45:12.640Z [Modules] Streaming discord_desktop_core@1 to /home/lyra/.config/discord/0.0.63/modules/pending/discord_desktop_core-1.zip: 37%
2024-08-06T04:45:12.642Z [Modules] Streaming discord_desktop_core@1 to /home/lyra/.config/discord/0.0.63/modules/pending/discord_desktop_core-1.zip: 40%
2024-08-06T04:45:12.648Z [Modules] Streaming discord_desktop_core@1 to /home/lyra/.config/discord/0.0.63/modules/pending/discord_desktop_core-1.zip: 42%
2024-08-06T04:45:12.649Z [Modules] Streaming discord_desktop_core@1 to /home/lyra/.config/discord/0.0.63/modules/pending/discord_desktop_core-1.zip: 44%
2024-08-06T04:45:12.662Z [Modules] Streaming discord_desktop_core@1 to /home/lyra/.config/discord/0.0.63/modules/pending/discord_desktop_core-1.zip: 46%
2024-08-06T04:45:12.666Z [Modules] Streaming discord_desktop_core@1 to /home/lyra/.config/discord/0.0.63/modules/pending/discord_desktop_core-1.zip: 49%
2024-08-06T04:45:12.667Z [Modules] Streaming discord_desktop_core@1 to /home/lyra/.config/discord/0.0.63/modules/pending/discord_desktop_core-1.zip: 50%
2024-08-06T04:45:12.674Z [Modules] Streaming discord_desktop_core@1 to /home/lyra/.config/discord/0.0.63/modules/pending/discord_desktop_core-1.zip: 51%
2024-08-06T04:45:12.715Z [Modules] Streaming discord_desktop_core@1 to /home/lyra/.config/discord/0.0.63/modules/pending/discord_desktop_core-1.zip: 54%
2024-08-06T04:45:12.716Z [Modules] Streaming discord_desktop_core@1 to /home/lyra/.config/discord/0.0.63/modules/pending/discord_desktop_core-1.zip: 55%
2024-08-06T04:45:12.720Z [Modules] Streaming discord_desktop_core@1 to /home/lyra/.config/discord/0.0.63/modules/pending/discord_desktop_core-1.zip: 58%
2024-08-06T04:45:12.721Z [Modules] Streaming discord_desktop_core@1 to /home/lyra/.config/discord/0.0.63/modules/pending/discord_desktop_core-1.zip: 62%
2024-08-06T04:45:12.724Z [Modules] Streaming discord_desktop_core@1 to /home/lyra/.config/discord/0.0.63/modules/pending/discord_desktop_core-1.zip: 64%
2024-08-06T04:45:12.724Z [Modules] Streaming discord_desktop_core@1 to /home/lyra/.config/discord/0.0.63/modules/pending/discord_desktop_core-1.zip: 66%
2024-08-06T04:45:12.738Z [Modules] Streaming discord_desktop_core@1 to /home/lyra/.config/discord/0.0.63/modules/pending/discord_desktop_core-1.zip: 68%
2024-08-06T04:45:12.740Z [Modules] Streaming discord_desktop_core@1 to /home/lyra/.config/discord/0.0.63/modules/pending/discord_desktop_core-1.zip: 69%
2024-08-06T04:45:12.742Z [Modules] Streaming discord_desktop_core@1 to /home/lyra/.config/discord/0.0.63/modules/pending/discord_desktop_core-1.zip: 71%
2024-08-06T04:45:12.744Z [Modules] Streaming discord_desktop_core@1 to /home/lyra/.config/discord/0.0.63/modules/pending/discord_desktop_core-1.zip: 73%
2024-08-06T04:45:12.745Z [Modules] Streaming discord_desktop_core@1 to /home/lyra/.config/discord/0.0.63/modules/pending/discord_desktop_core-1.zip: 74%
2024-08-06T04:45:12.756Z [Modules] Streaming discord_desktop_core@1 to /home/lyra/.config/discord/0.0.63/modules/pending/discord_desktop_core-1.zip: 75%
2024-08-06T04:45:12.761Z [Modules] Streaming discord_desktop_core@1 to /home/lyra/.config/discord/0.0.63/modules/pending/discord_desktop_core-1.zip: 77%
2024-08-06T04:45:12.762Z [Modules] Streaming discord_desktop_core@1 to /home/lyra/.config/discord/0.0.63/modules/pending/discord_desktop_core-1.zip: 78%
2024-08-06T04:45:12.766Z [Modules] Streaming discord_desktop_core@1 to /home/lyra/.config/discord/0.0.63/modules/pending/discord_desktop_core-1.zip: 80%
2024-08-06T04:45:12.767Z [Modules] Streaming discord_desktop_core@1 to /home/lyra/.config/discord/0.0.63/modules/pending/discord_desktop_core-1.zip: 82%
2024-08-06T04:45:12.767Z [Modules] Streaming discord_desktop_core@1 to /home/lyra/.config/discord/0.0.63/modules/pending/discord_desktop_core-1.zip: 85%
2024-08-06T04:45:12.780Z [Modules] Streaming discord_desktop_core@1 to /home/lyra/.config/discord/0.0.63/modules/pending/discord_desktop_core-1.zip: 86%
2024-08-06T04:45:12.784Z [Modules] Streaming discord_desktop_core@1 to /home/lyra/.config/discord/0.0.63/modules/pending/discord_desktop_core-1.zip: 88%
2024-08-06T04:45:12.787Z [Modules] Streaming discord_desktop_core@1 to /home/lyra/.config/discord/0.0.63/modules/pending/discord_desktop_core-1.zip: 91%
2024-08-06T04:45:12.788Z [Modules] Streaming discord_desktop_core@1 to /home/lyra/.config/discord/0.0.63/modules/pending/discord_desktop_core-1.zip: 93%
2024-08-06T04:45:12.790Z [Modules] Streaming discord_desktop_core@1 to /home/lyra/.config/discord/0.0.63/modules/pending/discord_desktop_core-1.zip: 95%
2024-08-06T04:45:12.801Z [Modules] Streaming discord_desktop_core@1 to /home/lyra/.config/discord/0.0.63/modules/pending/discord_desktop_core-1.zip: 97%
2024-08-06T04:45:12.803Z [Modules] Streaming discord_desktop_core@1 to /home/lyra/.config/discord/0.0.63/modules/pending/discord_desktop_core-1.zip: 99%
2024-08-06T04:45:12.804Z [Modules] Streaming discord_desktop_core@1 to /home/lyra/.config/discord/0.0.63/modules/pending/discord_desktop_core-1.zip: 100%
2024-08-06T04:45:12.805Z [Modules] Fetching discord_erlpack@1 from https://discord.com/api/modules/stable/discord_erlpack/1
2024-08-06T04:45:12.805Z [Modules] Streaming discord_erlpack@1 to /home/lyra/.config/discord/0.0.63/modules/pending/discord_erlpack-1.zip
2024-08-06T04:45:12.944Z [Modules] Streaming discord_erlpack@1 to /home/lyra/.config/discord/0.0.63/modules/pending/discord_erlpack-1.zip: 3%
2024-08-06T04:45:12.945Z [Modules] Streaming discord_erlpack@1 to /home/lyra/.config/discord/0.0.63/modules/pending/discord_erlpack-1.zip: 7%
2024-08-06T04:45:12.959Z [Modules] Streaming discord_erlpack@1 to /home/lyra/.config/discord/0.0.63/modules/pending/discord_erlpack-1.zip: 10%
2024-08-06T04:45:12.960Z [Modules] Streaming discord_erlpack@1 to /home/lyra/.config/discord/0.0.63/modules/pending/discord_erlpack-1.zip: 14%
2024-08-06T04:45:12.964Z [Modules] Streaming discord_erlpack@1 to /home/lyra/.config/discord/0.0.63/modules/pending/discord_erlpack-1.zip: 17%
2024-08-06T04:45:12.965Z [Modules] Streaming discord_erlpack@1 to /home/lyra/.config/discord/0.0.63/modules/pending/discord_erlpack-1.zip: 21%
2024-08-06T04:45:12.986Z [Modules] Streaming discord_erlpack@1 to /home/lyra/.config/discord/0.0.63/modules/pending/discord_erlpack-1.zip: 22%
2024-08-06T04:45:12.988Z [Modules] Streaming discord_erlpack@1 to /home/lyra/.config/discord/0.0.63/modules/pending/discord_erlpack-1.zip: 24%
2024-08-06T04:45:12.993Z [Modules] Streaming discord_erlpack@1 to /home/lyra/.config/discord/0.0.63/modules/pending/discord_erlpack-1.zip: 25%
2024-08-06T04:45:12.998Z [Modules] Streaming discord_erlpack@1 to /home/lyra/.config/discord/0.0.63/modules/pending/discord_erlpack-1.zip: 28%
2024-08-06T04:45:12.998Z [Modules] Streaming discord_erlpack@1 to /home/lyra/.config/discord/0.0.63/modules/pending/discord_erlpack-1.zip: 33%
2024-08-06T04:45:13.002Z [Modules] Streaming discord_erlpack@1 to /home/lyra/.config/discord/0.0.63/modules/pending/discord_erlpack-1.zip: 36%
2024-08-06T04:45:13.002Z [Modules] Streaming discord_erlpack@1 to /home/lyra/.config/discord/0.0.63/modules/pending/discord_erlpack-1.zip: 40%
2024-08-06T04:45:13.006Z [Modules] Streaming discord_erlpack@1 to /home/lyra/.config/discord/0.0.63/modules/pending/discord_erlpack-1.zip: 43%
2024-08-06T04:45:13.007Z [Modules] Streaming discord_erlpack@1 to /home/lyra/.config/discord/0.0.63/modules/pending/discord_erlpack-1.zip: 44%
2024-08-06T04:45:13.036Z [Modules] Streaming discord_erlpack@1 to /home/lyra/.config/discord/0.0.63/modules/pending/discord_erlpack-1.zip: 46%
2024-08-06T04:45:13.039Z [Modules] Streaming discord_erlpack@1 to /home/lyra/.config/discord/0.0.63/modules/pending/discord_erlpack-1.zip: 48%
2024-08-06T04:45:13.043Z [Modules] Streaming discord_erlpack@1 to /home/lyra/.config/discord/0.0.63/modules/pending/discord_erlpack-1.zip: 51%
2024-08-06T04:45:13.043Z [Modules] Streaming discord_erlpack@1 to /home/lyra/.config/discord/0.0.63/modules/pending/discord_erlpack-1.zip: 53%
2024-08-06T04:45:13.046Z [Modules] Streaming discord_erlpack@1 to /home/lyra/.config/discord/0.0.63/modules/pending/discord_erlpack-1.zip: 56%
2024-08-06T04:45:13.047Z [Modules] Streaming discord_erlpack@1 to /home/lyra/.config/discord/0.0.63/modules/pending/discord_erlpack-1.zip: 59%
2024-08-06T04:45:13.059Z [Modules] Streaming discord_erlpack@1 to /home/lyra/.config/discord/0.0.63/modules/pending/discord_erlpack-1.zip: 62%
2024-08-06T04:45:13.060Z [Modules] Streaming discord_erlpack@1 to /home/lyra/.config/discord/0.0.63/modules/pending/discord_erlpack-1.zip: 63%
2024-08-06T04:45:13.064Z [Modules] Streaming discord_erlpack@1 to /home/lyra/.config/discord/0.0.63/modules/pending/discord_erlpack-1.zip: 66%
2024-08-06T04:45:13.065Z [Modules] Streaming discord_erlpack@1 to /home/lyra/.config/discord/0.0.63/modules/pending/discord_erlpack-1.zip: 67%
2024-08-06T04:45:13.068Z [Modules] Streaming discord_erlpack@1 to /home/lyra/.config/discord/0.0.63/modules/pending/discord_erlpack-1.zip: 70%
2024-08-06T04:45:13.072Z [Modules] Streaming discord_erlpack@1 to /home/lyra/.config/discord/0.0.63/modules/pending/discord_erlpack-1.zip: 73%
2024-08-06T04:45:13.073Z [Modules] Streaming discord_erlpack@1 to /home/lyra/.config/discord/0.0.63/modules/pending/discord_erlpack-1.zip: 78%
2024-08-06T04:45:13.079Z [Modules] Streaming discord_erlpack@1 to /home/lyra/.config/discord/0.0.63/modules/pending/discord_erlpack-1.zip: 81%
2024-08-06T04:45:13.080Z [Modules] Streaming discord_erlpack@1 to /home/lyra/.config/discord/0.0.63/modules/pending/discord_erlpack-1.zip: 84%
2024-08-06T04:45:13.083Z [Modules] Streaming discord_erlpack@1 to /home/lyra/.config/discord/0.0.63/modules/pending/discord_erlpack-1.zip: 87%
2024-08-06T04:45:13.084Z [Modules] Streaming discord_erlpack@1 to /home/lyra/.config/discord/0.0.63/modules/pending/discord_erlpack-1.zip: 89%
2024-08-06T04:45:13.098Z [Modules] Streaming discord_erlpack@1 to /home/lyra/.config/discord/0.0.63/modules/pending/discord_erlpack-1.zip: 92%
2024-08-06T04:45:13.101Z [Modules] Streaming discord_erlpack@1 to /home/lyra/.config/discord/0.0.63/modules/pending/discord_erlpack-1.zip: 95%
2024-08-06T04:45:13.102Z [Modules] Streaming discord_erlpack@1 to /home/lyra/.config/discord/0.0.63/modules/pending/discord_erlpack-1.zip: 96%
2024-08-06T04:45:13.103Z [Modules] Streaming discord_erlpack@1 to /home/lyra/.config/discord/0.0.63/modules/pending/discord_erlpack-1.zip: 97%
2024-08-06T04:45:13.104Z [Modules] Streaming discord_erlpack@1 to /home/lyra/.config/discord/0.0.63/modules/pending/discord_erlpack-1.zip: 100%
2024-08-06T04:45:13.105Z [Modules] Fetching discord_spellcheck@1 from https://discord.com/api/modules/stable/discord_spellcheck/1
2024-08-06T04:45:13.105Z [Modules] Streaming discord_spellcheck@1 to /home/lyra/.config/discord/0.0.63/modules/pending/discord_spellcheck-1.zip
2024-08-06T04:45:13.237Z [Modules] Streaming discord_spellcheck@1 to /home/lyra/.config/discord/0.0.63/modules/pending/discord_spellcheck-1.zip: 1%
2024-08-06T04:45:13.241Z [Modules] Streaming discord_spellcheck@1 to /home/lyra/.config/discord/0.0.63/modules/pending/discord_spellcheck-1.zip: 2%
2024-08-06T04:45:13.248Z [Modules] Streaming discord_spellcheck@1 to /home/lyra/.config/discord/0.0.63/modules/pending/discord_spellcheck-1.zip: 3%
2024-08-06T04:45:13.251Z [Modules] Streaming discord_spellcheck@1 to /home/lyra/.config/discord/0.0.63/modules/pending/discord_spellcheck-1.zip: 4%
2024-08-06T04:45:13.251Z [Modules] Streaming discord_spellcheck@1 to /home/lyra/.config/discord/0.0.63/modules/pending/discord_spellcheck-1.zip: 5%
2024-08-06T04:45:13.259Z [Modules] Streaming discord_spellcheck@1 to /home/lyra/.config/discord/0.0.63/modules/pending/discord_spellcheck-1.zip: 6%
2024-08-06T04:45:13.270Z [Modules] Streaming discord_spellcheck@1 to /home/lyra/.config/discord/0.0.63/modules/pending/discord_spellcheck-1.zip: 7%
2024-08-06T04:45:13.277Z [Modules] Streaming discord_spellcheck@1 to /home/lyra/.config/discord/0.0.63/modules/pending/discord_spellcheck-1.zip: 8%
2024-08-06T04:45:13.283Z [Modules] Streaming discord_spellcheck@1 to /home/lyra/.config/discord/0.0.63/modules/pending/discord_spellcheck-1.zip: 9%
2024-08-06T04:45:13.284Z [Modules] Streaming discord_spellcheck@1 to /home/lyra/.config/discord/0.0.63/modules/pending/discord_spellcheck-1.zip: 10%
2024-08-06T04:45:13.289Z [Modules] Streaming discord_spellcheck@1 to /home/lyra/.config/discord/0.0.63/modules/pending/discord_spellcheck-1.zip: 11%
2024-08-06T04:45:13.294Z [Modules] Streaming discord_spellcheck@1 to /home/lyra/.config/discord/0.0.63/modules/pending/discord_spellcheck-1.zip: 12%
2024-08-06T04:45:13.295Z [Modules] Streaming discord_spellcheck@1 to /home/lyra/.config/discord/0.0.63/modules/pending/discord_spellcheck-1.zip: 13%
2024-08-06T04:45:13.306Z [Modules] Streaming discord_spellcheck@1 to /home/lyra/.config/discord/0.0.63/modules/pending/discord_spellcheck-1.zip: 14%
2024-08-06T04:45:13.310Z [Modules] Streaming discord_spellcheck@1 to /home/lyra/.config/discord/0.0.63/modules/pending/discord_spellcheck-1.zip: 15%
2024-08-06T04:45:13.315Z [Modules] Streaming discord_spellcheck@1 to /home/lyra/.config/discord/0.0.63/modules/pending/discord_spellcheck-1.zip: 16%
2024-08-06T04:45:13.320Z [Modules] Streaming discord_spellcheck@1 to /home/lyra/.config/discord/0.0.63/modules/pending/discord_spellcheck-1.zip: 17%
2024-08-06T04:45:13.328Z [Modules] Streaming discord_spellcheck@1 to /home/lyra/.config/discord/0.0.63/modules/pending/discord_spellcheck-1.zip: 18%
2024-08-06T04:45:13.329Z [Modules] Streaming discord_spellcheck@1 to /home/lyra/.config/discord/0.0.63/modules/pending/discord_spellcheck-1.zip: 19%
2024-08-06T04:45:13.335Z [Modules] Streaming discord_spellcheck@1 to /home/lyra/.config/discord/0.0.63/modules/pending/discord_spellcheck-1.zip: 20%
2024-08-06T04:45:13.341Z [Modules] Streaming discord_spellcheck@1 to /home/lyra/.config/discord/0.0.63/modules/pending/discord_spellcheck-1.zip: 21%
2024-08-06T04:45:13.344Z [Modules] Streaming discord_spellcheck@1 to /home/lyra/.config/discord/0.0.63/modules/pending/discord_spellcheck-1.zip: 22%
2024-08-06T04:45:13.351Z [Modules] Streaming discord_spellcheck@1 to /home/lyra/.config/discord/0.0.63/modules/pending/discord_spellcheck-1.zip: 23%
2024-08-06T04:45:13.357Z [Modules] Streaming discord_spellcheck@1 to /home/lyra/.config/discord/0.0.63/modules/pending/discord_spellcheck-1.zip: 24%
2024-08-06T04:45:13.358Z [Modules] Streaming discord_spellcheck@1 to /home/lyra/.config/discord/0.0.63/modules/pending/discord_spellcheck-1.zip: 25%
2024-08-06T04:45:13.363Z [Modules] Streaming discord_spellcheck@1 to /home/lyra/.config/discord/0.0.63/modules/pending/discord_spellcheck-1.zip: 26%
2024-08-06T04:45:13.369Z [Modules] Streaming discord_spellcheck@1 to /home/lyra/.config/discord/0.0.63/modules/pending/discord_spellcheck-1.zip: 27%
2024-08-06T04:45:13.370Z [Modules] Streaming discord_spellcheck@1 to /home/lyra/.config/discord/0.0.63/modules/pending/discord_spellcheck-1.zip: 28%
2024-08-06T04:45:13.374Z [Modules] Streaming discord_spellcheck@1 to /home/lyra/.config/discord/0.0.63/modules/pending/discord_spellcheck-1.zip: 29%
2024-08-06T04:45:13.379Z [Modules] Streaming discord_spellcheck@1 to /home/lyra/.config/discord/0.0.63/modules/pending/discord_spellcheck-1.zip: 30%
2024-08-06T04:45:13.380Z [Modules] Streaming discord_spellcheck@1 to /home/lyra/.config/discord/0.0.63/modules/pending/discord_spellcheck-1.zip: 31%
2024-08-06T04:45:13.400Z [Modules] Streaming discord_spellcheck@1 to /home/lyra/.config/discord/0.0.63/modules/pending/discord_spellcheck-1.zip: 32%
2024-08-06T04:45:13.409Z [Modules] Streaming discord_spellcheck@1 to /home/lyra/.config/discord/0.0.63/modules/pending/discord_spellcheck-1.zip: 33%
2024-08-06T04:45:13.410Z [Modules] Streaming discord_spellcheck@1 to /home/lyra/.config/discord/0.0.63/modules/pending/discord_spellcheck-1.zip: 34%
2024-08-06T04:45:13.412Z [Modules] Streaming discord_spellcheck@1 to /home/lyra/.config/discord/0.0.63/modules/pending/discord_spellcheck-1.zip: 35%
2024-08-06T04:45:13.420Z [Modules] Streaming discord_spellcheck@1 to /home/lyra/.config/discord/0.0.63/modules/pending/discord_spellcheck-1.zip: 36%
2024-08-06T04:45:13.427Z [Modules] Streaming discord_spellcheck@1 to /home/lyra/.config/discord/0.0.63/modules/pending/discord_spellcheck-1.zip: 37%
2024-08-06T04:45:13.428Z [Modules] Streaming discord_spellcheck@1 to /home/lyra/.config/discord/0.0.63/modules/pending/discord_spellcheck-1.zip: 38%
2024-08-06T04:45:13.434Z [Modules] Streaming discord_spellcheck@1 to /home/lyra/.config/discord/0.0.63/modules/pending/discord_spellcheck-1.zip: 39%
2024-08-06T04:45:13.437Z [Modules] Streaming discord_spellcheck@1 to /home/lyra/.config/discord/0.0.63/modules/pending/discord_spellcheck-1.zip: 40%
2024-08-06T04:45:13.444Z [Modules] Streaming discord_spellcheck@1 to /home/lyra/.config/discord/0.0.63/modules/pending/discord_spellcheck-1.zip: 41%
2024-08-06T04:45:13.444Z [Modules] Streaming discord_spellcheck@1 to /home/lyra/.config/discord/0.0.63/modules/pending/discord_spellcheck-1.zip: 42%
2024-08-06T04:45:13.447Z [Modules] Streaming discord_spellcheck@1 to /home/lyra/.config/discord/0.0.63/modules/pending/discord_spellcheck-1.zip: 43%
2024-08-06T04:45:13.453Z [Modules] Streaming discord_spellcheck@1 to /home/lyra/.config/discord/0.0.63/modules/pending/discord_spellcheck-1.zip: 44%
2024-08-06T04:45:13.464Z [Modules] Streaming discord_spellcheck@1 to /home/lyra/.config/discord/0.0.63/modules/pending/discord_spellcheck-1.zip: 45%
2024-08-06T04:45:13.465Z [Modules] Streaming discord_spellcheck@1 to /home/lyra/.config/discord/0.0.63/modules/pending/discord_spellcheck-1.zip: 46%
2024-08-06T04:45:13.470Z [Modules] Streaming discord_spellcheck@1 to /home/lyra/.config/discord/0.0.63/modules/pending/discord_spellcheck-1.zip: 47%
2024-08-06T04:45:13.474Z [Modules] Streaming discord_spellcheck@1 to /home/lyra/.config/discord/0.0.63/modules/pending/discord_spellcheck-1.zip: 48%
2024-08-06T04:45:13.476Z [Modules] Streaming discord_spellcheck@1 to /home/lyra/.config/discord/0.0.63/modules/pending/discord_spellcheck-1.zip: 49%
2024-08-06T04:45:13.480Z [Modules] Streaming discord_spellcheck@1 to /home/lyra/.config/discord/0.0.63/modules/pending/discord_spellcheck-1.zip: 50%
2024-08-06T04:45:13.486Z [Modules] Streaming discord_spellcheck@1 to /home/lyra/.config/discord/0.0.63/modules/pending/discord_spellcheck-1.zip: 51%
2024-08-06T04:45:13.491Z [Modules] Streaming discord_spellcheck@1 to /home/lyra/.config/discord/0.0.63/modules/pending/discord_spellcheck-1.zip: 52%
2024-08-06T04:45:13.491Z [Modules] Streaming discord_spellcheck@1 to /home/lyra/.config/discord/0.0.63/modules/pending/discord_spellcheck-1.zip: 53%
2024-08-06T04:45:13.503Z [Modules] Streaming discord_spellcheck@1 to /home/lyra/.config/discord/0.0.63/modules/pending/discord_spellcheck-1.zip: 54%
2024-08-06T04:45:13.510Z [Modules] Streaming discord_spellcheck@1 to /home/lyra/.config/discord/0.0.63/modules/pending/discord_spellcheck-1.zip: 55%
2024-08-06T04:45:13.516Z [Modules] Streaming discord_spellcheck@1 to /home/lyra/.config/discord/0.0.63/modules/pending/discord_spellcheck-1.zip: 56%
2024-08-06T04:45:13.521Z [Modules] Streaming discord_spellcheck@1 to /home/lyra/.config/discord/0.0.63/modules/pending/discord_spellcheck-1.zip: 58%
2024-08-06T04:45:13.527Z [Modules] Streaming discord_spellcheck@1 to /home/lyra/.config/discord/0.0.63/modules/pending/discord_spellcheck-1.zip: 59%
2024-08-06T04:45:13.542Z [Modules] Streaming discord_spellcheck@1 to /home/lyra/.config/discord/0.0.63/modules/pending/discord_spellcheck-1.zip: 60%
2024-08-06T04:45:13.545Z [Modules] Streaming discord_spellcheck@1 to /home/lyra/.config/discord/0.0.63/modules/pending/discord_spellcheck-1.zip: 61%
2024-08-06T04:45:13.546Z [Modules] Streaming discord_spellcheck@1 to /home/lyra/.config/discord/0.0.63/modules/pending/discord_spellcheck-1.zip: 62%
2024-08-06T04:45:13.551Z [Modules] Streaming discord_spellcheck@1 to /home/lyra/.config/discord/0.0.63/modules/pending/discord_spellcheck-1.zip: 63%
2024-08-06T04:45:13.556Z [Modules] Streaming discord_spellcheck@1 to /home/lyra/.config/discord/0.0.63/modules/pending/discord_spellcheck-1.zip: 64%
2024-08-06T04:45:13.557Z [Modules] Streaming discord_spellcheck@1 to /home/lyra/.config/discord/0.0.63/modules/pending/discord_spellcheck-1.zip: 65%
2024-08-06T04:45:13.562Z [Modules] Streaming discord_spellcheck@1 to /home/lyra/.config/discord/0.0.63/modules/pending/discord_spellcheck-1.zip: 66%
2024-08-06T04:45:13.567Z [Modules] Streaming discord_spellcheck@1 to /home/lyra/.config/discord/0.0.63/modules/pending/discord_spellcheck-1.zip: 67%
2024-08-06T04:45:13.573Z [Modules] Streaming discord_spellcheck@1 to /home/lyra/.config/discord/0.0.63/modules/pending/discord_spellcheck-1.zip: 68%
2024-08-06T04:45:13.578Z [Modules] Streaming discord_spellcheck@1 to /home/lyra/.config/discord/0.0.63/modules/pending/discord_spellcheck-1.zip: 69%
2024-08-06T04:45:13.579Z [Modules] Streaming discord_spellcheck@1 to /home/lyra/.config/discord/0.0.63/modules/pending/discord_spellcheck-1.zip: 70%
2024-08-06T04:45:13.583Z [Modules] Streaming discord_spellcheck@1 to /home/lyra/.config/discord/0.0.63/modules/pending/discord_spellcheck-1.zip: 71%
2024-08-06T04:45:13.586Z [Modules] Streaming discord_spellcheck@1 to /home/lyra/.config/discord/0.0.63/modules/pending/discord_spellcheck-1.zip: 72%
2024-08-06T04:45:13.593Z [Modules] Streaming discord_spellcheck@1 to /home/lyra/.config/discord/0.0.63/modules/pending/discord_spellcheck-1.zip: 73%
2024-08-06T04:45:13.593Z [Modules] Streaming discord_spellcheck@1 to /home/lyra/.config/discord/0.0.63/modules/pending/discord_spellcheck-1.zip: 74%
2024-08-06T04:45:13.600Z [Modules] Streaming discord_spellcheck@1 to /home/lyra/.config/discord/0.0.63/modules/pending/discord_spellcheck-1.zip: 75%
2024-08-06T04:45:13.601Z [Modules] Streaming discord_spellcheck@1 to /home/lyra/.config/discord/0.0.63/modules/pending/discord_spellcheck-1.zip: 76%
2024-08-06T04:45:13.611Z [Modules] Streaming discord_spellcheck@1 to /home/lyra/.config/discord/0.0.63/modules/pending/discord_spellcheck-1.zip: 77%
2024-08-06T04:45:13.611Z [Modules] Streaming discord_spellcheck@1 to /home/lyra/.config/discord/0.0.63/modules/pending/discord_spellcheck-1.zip: 78%
2024-08-06T04:45:13.618Z [Modules] Streaming discord_spellcheck@1 to /home/lyra/.config/discord/0.0.63/modules/pending/discord_spellcheck-1.zip: 79%
2024-08-06T04:45:13.621Z [Modules] Streaming discord_spellcheck@1 to /home/lyra/.config/discord/0.0.63/modules/pending/discord_spellcheck-1.zip: 80%
2024-08-06T04:45:13.630Z [Modules] Streaming discord_spellcheck@1 to /home/lyra/.config/discord/0.0.63/modules/pending/discord_spellcheck-1.zip: 81%
2024-08-06T04:45:13.631Z [Modules] Streaming discord_spellcheck@1 to /home/lyra/.config/discord/0.0.63/modules/pending/discord_spellcheck-1.zip: 82%
2024-08-06T04:45:13.636Z [Modules] Streaming discord_spellcheck@1 to /home/lyra/.config/discord/0.0.63/modules/pending/discord_spellcheck-1.zip: 83%
2024-08-06T04:45:13.640Z [Modules] Streaming discord_spellcheck@1 to /home/lyra/.config/discord/0.0.63/modules/pending/discord_spellcheck-1.zip: 84%
2024-08-06T04:45:13.646Z [Modules] Streaming discord_spellcheck@1 to /home/lyra/.config/discord/0.0.63/modules/pending/discord_spellcheck-1.zip: 85%
2024-08-06T04:45:13.647Z [Modules] Streaming discord_spellcheck@1 to /home/lyra/.config/discord/0.0.63/modules/pending/discord_spellcheck-1.zip: 86%
2024-08-06T04:45:13.656Z [Modules] Streaming discord_spellcheck@1 to /home/lyra/.config/discord/0.0.63/modules/pending/discord_spellcheck-1.zip: 87%
2024-08-06T04:45:13.657Z [Modules] Streaming discord_spellcheck@1 to /home/lyra/.config/discord/0.0.63/modules/pending/discord_spellcheck-1.zip: 88%
2024-08-06T04:45:13.663Z [Modules] Streaming discord_spellcheck@1 to /home/lyra/.config/discord/0.0.63/modules/pending/discord_spellcheck-1.zip: 89%
2024-08-06T04:45:13.667Z [Modules] Streaming discord_spellcheck@1 to /home/lyra/.config/discord/0.0.63/modules/pending/discord_spellcheck-1.zip: 90%
2024-08-06T04:45:13.668Z [Modules] Streaming discord_spellcheck@1 to /home/lyra/.config/discord/0.0.63/modules/pending/discord_spellcheck-1.zip: 91%
2024-08-06T04:45:13.673Z [Modules] Streaming discord_spellcheck@1 to /home/lyra/.config/discord/0.0.63/modules/pending/discord_spellcheck-1.zip: 92%
2024-08-06T04:45:13.682Z [Modules] Streaming discord_spellcheck@1 to /home/lyra/.config/discord/0.0.63/modules/pending/discord_spellcheck-1.zip: 93%
2024-08-06T04:45:13.685Z [Modules] Streaming discord_spellcheck@1 to /home/lyra/.config/discord/0.0.63/modules/pending/discord_spellcheck-1.zip: 94%
2024-08-06T04:45:13.685Z [Modules] Streaming discord_spellcheck@1 to /home/lyra/.config/discord/0.0.63/modules/pending/discord_spellcheck-1.zip: 95%
2024-08-06T04:45:13.692Z [Modules] Streaming discord_spellcheck@1 to /home/lyra/.config/discord/0.0.63/modules/pending/discord_spellcheck-1.zip: 96%
2024-08-06T04:45:13.695Z [Modules] Streaming discord_spellcheck@1 to /home/lyra/.config/discord/0.0.63/modules/pending/discord_spellcheck-1.zip: 97%
2024-08-06T04:45:13.701Z [Modules] Streaming discord_spellcheck@1 to /home/lyra/.config/discord/0.0.63/modules/pending/discord_spellcheck-1.zip: 98%
2024-08-06T04:45:13.702Z [Modules] Streaming discord_spellcheck@1 to /home/lyra/.config/discord/0.0.63/modules/pending/discord_spellcheck-1.zip: 99%
2024-08-06T04:45:13.706Z [Modules] Streaming discord_spellcheck@1 to /home/lyra/.config/discord/0.0.63/modules/pending/discord_spellcheck-1.zip: 100%
2024-08-06T04:45:13.707Z [Modules] Fetching discord_utils@1 from https://discord.com/api/modules/stable/discord_utils/1
2024-08-06T04:45:13.707Z [Modules] Streaming discord_utils@1 to /home/lyra/.config/discord/0.0.63/modules/pending/discord_utils-1.zip
2024-08-06T04:45:13.858Z [Modules] Streaming discord_utils@1 to /home/lyra/.config/discord/0.0.63/modules/pending/discord_utils-1.zip: 2%
2024-08-06T04:45:13.862Z [Modules] Streaming discord_utils@1 to /home/lyra/.config/discord/0.0.63/modules/pending/discord_utils-1.zip: 4%
2024-08-06T04:45:13.863Z [Modules] Streaming discord_utils@1 to /home/lyra/.config/discord/0.0.63/modules/pending/discord_utils-1.zip: 6%
2024-08-06T04:45:13.866Z [Modules] Streaming discord_utils@1 to /home/lyra/.config/discord/0.0.63/modules/pending/discord_utils-1.zip: 8%
2024-08-06T04:45:13.867Z [Modules] Streaming discord_utils@1 to /home/lyra/.config/discord/0.0.63/modules/pending/discord_utils-1.zip: 11%
2024-08-06T04:45:13.873Z [Modules] Streaming discord_utils@1 to /home/lyra/.config/discord/0.0.63/modules/pending/discord_utils-1.zip: 13%
2024-08-06T04:45:13.874Z [Modules] Streaming discord_utils@1 to /home/lyra/.config/discord/0.0.63/modules/pending/discord_utils-1.zip: 15%
2024-08-06T04:45:13.878Z [Modules] Streaming discord_utils@1 to /home/lyra/.config/discord/0.0.63/modules/pending/discord_utils-1.zip: 16%
2024-08-06T04:45:13.879Z [Modules] Streaming discord_utils@1 to /home/lyra/.config/discord/0.0.63/modules/pending/discord_utils-1.zip: 18%
2024-08-06T04:45:13.883Z [Modules] Streaming discord_utils@1 to /home/lyra/.config/discord/0.0.63/modules/pending/discord_utils-1.zip: 20%
2024-08-06T04:45:13.884Z [Modules] Streaming discord_utils@1 to /home/lyra/.config/discord/0.0.63/modules/pending/discord_utils-1.zip: 23%
2024-08-06T04:45:13.889Z [Modules] Streaming discord_utils@1 to /home/lyra/.config/discord/0.0.63/modules/pending/discord_utils-1.zip: 25%
2024-08-06T04:45:13.890Z [Modules] Streaming discord_utils@1 to /home/lyra/.config/discord/0.0.63/modules/pending/discord_utils-1.zip: 27%
2024-08-06T04:45:13.893Z [Modules] Streaming discord_utils@1 to /home/lyra/.config/discord/0.0.63/modules/pending/discord_utils-1.zip: 29%
2024-08-06T04:45:13.893Z [Modules] Streaming discord_utils@1 to /home/lyra/.config/discord/0.0.63/modules/pending/discord_utils-1.zip: 31%
2024-08-06T04:45:13.900Z [Modules] Streaming discord_utils@1 to /home/lyra/.config/discord/0.0.63/modules/pending/discord_utils-1.zip: 32%
2024-08-06T04:45:13.901Z [Modules] Streaming discord_utils@1 to /home/lyra/.config/discord/0.0.63/modules/pending/discord_utils-1.zip: 34%
2024-08-06T04:45:13.909Z [Modules] Streaming discord_utils@1 to /home/lyra/.config/discord/0.0.63/modules/pending/discord_utils-1.zip: 36%
2024-08-06T04:45:13.910Z [Modules] Streaming discord_utils@1 to /home/lyra/.config/discord/0.0.63/modules/pending/discord_utils-1.zip: 39%
2024-08-06T04:45:13.917Z [Modules] Streaming discord_utils@1 to /home/lyra/.config/discord/0.0.63/modules/pending/discord_utils-1.zip: 41%
2024-08-06T04:45:13.918Z [Modules] Streaming discord_utils@1 to /home/lyra/.config/discord/0.0.63/modules/pending/discord_utils-1.zip: 43%
2024-08-06T04:45:13.921Z [Modules] Streaming discord_utils@1 to /home/lyra/.config/discord/0.0.63/modules/pending/discord_utils-1.zip: 45%
2024-08-06T04:45:13.922Z [Modules] Streaming discord_utils@1 to /home/lyra/.config/discord/0.0.63/modules/pending/discord_utils-1.zip: 47%
2024-08-06T04:45:13.928Z [Modules] Streaming discord_utils@1 to /home/lyra/.config/discord/0.0.63/modules/pending/discord_utils-1.zip: 49%
2024-08-06T04:45:13.928Z [Modules] Streaming discord_utils@1 to /home/lyra/.config/discord/0.0.63/modules/pending/discord_utils-1.zip: 51%
2024-08-06T04:45:13.934Z [Modules] Streaming discord_utils@1 to /home/lyra/.config/discord/0.0.63/modules/pending/discord_utils-1.zip: 53%
2024-08-06T04:45:13.935Z [Modules] Streaming discord_utils@1 to /home/lyra/.config/discord/0.0.63/modules/pending/discord_utils-1.zip: 55%
2024-08-06T04:45:13.940Z [Modules] Streaming discord_utils@1 to /home/lyra/.config/discord/0.0.63/modules/pending/discord_utils-1.zip: 57%
2024-08-06T04:45:13.941Z [Modules] Streaming discord_utils@1 to /home/lyra/.config/discord/0.0.63/modules/pending/discord_utils-1.zip: 59%
2024-08-06T04:45:13.944Z [Modules] Streaming discord_utils@1 to /home/lyra/.config/discord/0.0.63/modules/pending/discord_utils-1.zip: 61%
2024-08-06T04:45:13.944Z [Modules] Streaming discord_utils@1 to /home/lyra/.config/discord/0.0.63/modules/pending/discord_utils-1.zip: 62%
2024-08-06T04:45:13.945Z [Modules] Streaming discord_utils@1 to /home/lyra/.config/discord/0.0.63/modules/pending/discord_utils-1.zip: 63%
2024-08-06T04:45:13.950Z [Modules] Streaming discord_utils@1 to /home/lyra/.config/discord/0.0.63/modules/pending/discord_utils-1.zip: 65%
2024-08-06T04:45:13.951Z [Modules] Streaming discord_utils@1 to /home/lyra/.config/discord/0.0.63/modules/pending/discord_utils-1.zip: 67%
2024-08-06T04:45:13.954Z [Modules] Streaming discord_utils@1 to /home/lyra/.config/discord/0.0.63/modules/pending/discord_utils-1.zip: 69%
2024-08-06T04:45:13.955Z [Modules] Streaming discord_utils@1 to /home/lyra/.config/discord/0.0.63/modules/pending/discord_utils-1.zip: 71%
2024-08-06T04:45:13.961Z [Modules] Streaming discord_utils@1 to /home/lyra/.config/discord/0.0.63/modules/pending/discord_utils-1.zip: 73%
2024-08-06T04:45:13.961Z [Modules] Streaming discord_utils@1 to /home/lyra/.config/discord/0.0.63/modules/pending/discord_utils-1.zip: 75%
2024-08-06T04:45:13.965Z [Modules] Streaming discord_utils@1 to /home/lyra/.config/discord/0.0.63/modules/pending/discord_utils-1.zip: 77%
2024-08-06T04:45:13.966Z [Modules] Streaming discord_utils@1 to /home/lyra/.config/discord/0.0.63/modules/pending/discord_utils-1.zip: 79%
2024-08-06T04:45:13.972Z [Modules] Streaming discord_utils@1 to /home/lyra/.config/discord/0.0.63/modules/pending/discord_utils-1.zip: 81%
2024-08-06T04:45:13.972Z [Modules] Streaming discord_utils@1 to /home/lyra/.config/discord/0.0.63/modules/pending/discord_utils-1.zip: 82%
2024-08-06T04:45:13.975Z [Modules] Streaming discord_utils@1 to /home/lyra/.config/discord/0.0.63/modules/pending/discord_utils-1.zip: 84%
2024-08-06T04:45:13.975Z [Modules] Streaming discord_utils@1 to /home/lyra/.config/discord/0.0.63/modules/pending/discord_utils-1.zip: 86%
2024-08-06T04:45:13.981Z [Modules] Streaming discord_utils@1 to /home/lyra/.config/discord/0.0.63/modules/pending/discord_utils-1.zip: 88%
2024-08-06T04:45:13.982Z [Modules] Streaming discord_utils@1 to /home/lyra/.config/discord/0.0.63/modules/pending/discord_utils-1.zip: 91%
2024-08-06T04:45:13.985Z [Modules] Streaming discord_utils@1 to /home/lyra/.config/discord/0.0.63/modules/pending/discord_utils-1.zip: 93%
2024-08-06T04:45:13.985Z [Modules] Streaming discord_utils@1 to /home/lyra/.config/discord/0.0.63/modules/pending/discord_utils-1.zip: 94%
2024-08-06T04:45:13.993Z [Modules] Streaming discord_utils@1 to /home/lyra/.config/discord/0.0.63/modules/pending/discord_utils-1.zip: 96%
2024-08-06T04:45:13.994Z [Modules] Streaming discord_utils@1 to /home/lyra/.config/discord/0.0.63/modules/pending/discord_utils-1.zip: 100%
2024-08-06T04:45:13.995Z [Modules] Fetching discord_voice@1 from https://discord.com/api/modules/stable/discord_voice/1
2024-08-06T04:45:13.995Z [Modules] Streaming discord_voice@1 to /home/lyra/.config/discord/0.0.63/modules/pending/discord_voice-1.zip
2024-08-06T04:45:14.125Z [Modules] Streaming discord_voice@1 to /home/lyra/.config/discord/0.0.63/modules/pending/discord_voice-1.zip: 1%
2024-08-06T04:45:14.135Z [Modules] Streaming discord_voice@1 to /home/lyra/.config/discord/0.0.63/modules/pending/discord_voice-1.zip: 2%
2024-08-06T04:45:14.153Z [Modules] Streaming discord_voice@1 to /home/lyra/.config/discord/0.0.63/modules/pending/discord_voice-1.zip: 3%
2024-08-06T04:45:14.163Z [Modules] Streaming discord_voice@1 to /home/lyra/.config/discord/0.0.63/modules/pending/discord_voice-1.zip: 4%
2024-08-06T04:45:14.174Z [Modules] Streaming discord_voice@1 to /home/lyra/.config/discord/0.0.63/modules/pending/discord_voice-1.zip: 5%
2024-08-06T04:45:14.179Z [Modules] Streaming discord_voice@1 to /home/lyra/.config/discord/0.0.63/modules/pending/discord_voice-1.zip: 6%
2024-08-06T04:45:14.192Z [Modules] Streaming discord_voice@1 to /home/lyra/.config/discord/0.0.63/modules/pending/discord_voice-1.zip: 7%
2024-08-06T04:45:14.202Z [Modules] Streaming discord_voice@1 to /home/lyra/.config/discord/0.0.63/modules/pending/discord_voice-1.zip: 8%
2024-08-06T04:45:14.215Z [Modules] Streaming discord_voice@1 to /home/lyra/.config/discord/0.0.63/modules/pending/discord_voice-1.zip: 9%
2024-08-06T04:45:14.236Z [Modules] Streaming discord_voice@1 to /home/lyra/.config/discord/0.0.63/modules/pending/discord_voice-1.zip: 10%
2024-08-06T04:45:14.248Z [Modules] Streaming discord_voice@1 to /home/lyra/.config/discord/0.0.63/modules/pending/discord_voice-1.zip: 11%
2024-08-06T04:45:14.260Z [Modules] Streaming discord_voice@1 to /home/lyra/.config/discord/0.0.63/modules/pending/discord_voice-1.zip: 12%
2024-08-06T04:45:14.270Z [Modules] Streaming discord_voice@1 to /home/lyra/.config/discord/0.0.63/modules/pending/discord_voice-1.zip: 13%
2024-08-06T04:45:14.285Z [Modules] Streaming discord_voice@1 to /home/lyra/.config/discord/0.0.63/modules/pending/discord_voice-1.zip: 14%
2024-08-06T04:45:14.290Z [Modules] Streaming discord_voice@1 to /home/lyra/.config/discord/0.0.63/modules/pending/discord_voice-1.zip: 15%
2024-08-06T04:45:14.303Z [Modules] Streaming discord_voice@1 to /home/lyra/.config/discord/0.0.63/modules/pending/discord_voice-1.zip: 16%
2024-08-06T04:45:14.314Z [Modules] Streaming discord_voice@1 to /home/lyra/.config/discord/0.0.63/modules/pending/discord_voice-1.zip: 17%
2024-08-06T04:45:14.325Z [Modules] Streaming discord_voice@1 to /home/lyra/.config/discord/0.0.63/modules/pending/discord_voice-1.zip: 18%
2024-08-06T04:45:14.348Z [Modules] Streaming discord_voice@1 to /home/lyra/.config/discord/0.0.63/modules/pending/discord_voice-1.zip: 19%
2024-08-06T04:45:14.359Z [Modules] Streaming discord_voice@1 to /home/lyra/.config/discord/0.0.63/modules/pending/discord_voice-1.zip: 20%
2024-08-06T04:45:14.370Z [Modules] Streaming discord_voice@1 to /home/lyra/.config/discord/0.0.63/modules/pending/discord_voice-1.zip: 21%
2024-08-06T04:45:14.377Z [Modules] Streaming discord_voice@1 to /home/lyra/.config/discord/0.0.63/modules/pending/discord_voice-1.zip: 22%
2024-08-06T04:45:14.383Z [Modules] Streaming discord_voice@1 to /home/lyra/.config/discord/0.0.63/modules/pending/discord_voice-1.zip: 23%
2024-08-06T04:45:14.392Z [Modules] Streaming discord_voice@1 to /home/lyra/.config/discord/0.0.63/modules/pending/discord_voice-1.zip: 24%
2024-08-06T04:45:14.402Z [Modules] Streaming discord_voice@1 to /home/lyra/.config/discord/0.0.63/modules/pending/discord_voice-1.zip: 25%
2024-08-06T04:45:14.412Z [Modules] Streaming discord_voice@1 to /home/lyra/.config/discord/0.0.63/modules/pending/discord_voice-1.zip: 26%
2024-08-06T04:45:14.424Z [Modules] Streaming discord_voice@1 to /home/lyra/.config/discord/0.0.63/modules/pending/discord_voice-1.zip: 27%
2024-08-06T04:45:14.438Z [Modules] Streaming discord_voice@1 to /home/lyra/.config/discord/0.0.63/modules/pending/discord_voice-1.zip: 28%
2024-08-06T04:45:14.448Z [Modules] Streaming discord_voice@1 to /home/lyra/.config/discord/0.0.63/modules/pending/discord_voice-1.zip: 29%
2024-08-06T04:45:14.458Z [Modules] Streaming discord_voice@1 to /home/lyra/.config/discord/0.0.63/modules/pending/discord_voice-1.zip: 30%
2024-08-06T04:45:14.474Z [Modules] Streaming discord_voice@1 to /home/lyra/.config/discord/0.0.63/modules/pending/discord_voice-1.zip: 31%
2024-08-06T04:45:14.484Z [Modules] Streaming discord_voice@1 to /home/lyra/.config/discord/0.0.63/modules/pending/discord_voice-1.zip: 32%
2024-08-06T04:45:14.498Z [Modules] Streaming discord_voice@1 to /home/lyra/.config/discord/0.0.63/modules/pending/discord_voice-1.zip: 33%
2024-08-06T04:45:14.506Z [Modules] Streaming discord_voice@1 to /home/lyra/.config/discord/0.0.63/modules/pending/discord_voice-1.zip: 34%
2024-08-06T04:45:14.512Z [Modules] Streaming discord_voice@1 to /home/lyra/.config/discord/0.0.63/modules/pending/discord_voice-1.zip: 35%
2024-08-06T04:45:14.531Z [Modules] Streaming discord_voice@1 to /home/lyra/.config/discord/0.0.63/modules/pending/discord_voice-1.zip: 36%
2024-08-06T04:45:14.542Z [Modules] Streaming discord_voice@1 to /home/lyra/.config/discord/0.0.63/modules/pending/discord_voice-1.zip: 37%
2024-08-06T04:45:14.548Z [Modules] Streaming discord_voice@1 to /home/lyra/.config/discord/0.0.63/modules/pending/discord_voice-1.zip: 38%
2024-08-06T04:45:14.562Z [Modules] Streaming discord_voice@1 to /home/lyra/.config/discord/0.0.63/modules/pending/discord_voice-1.zip: 39%
2024-08-06T04:45:14.582Z [Modules] Streaming discord_voice@1 to /home/lyra/.config/discord/0.0.63/modules/pending/discord_voice-1.zip: 40%
2024-08-06T04:45:14.586Z [Modules] Streaming discord_voice@1 to /home/lyra/.config/discord/0.0.63/modules/pending/discord_voice-1.zip: 41%
2024-08-06T04:45:14.601Z [Modules] Streaming discord_voice@1 to /home/lyra/.config/discord/0.0.63/modules/pending/discord_voice-1.zip: 42%
2024-08-06T04:45:14.611Z [Modules] Streaming discord_voice@1 to /home/lyra/.config/discord/0.0.63/modules/pending/discord_voice-1.zip: 43%
2024-08-06T04:45:14.621Z [Modules] Streaming discord_voice@1 to /home/lyra/.config/discord/0.0.63/modules/pending/discord_voice-1.zip: 44%
2024-08-06T04:45:14.625Z [Modules] Streaming discord_voice@1 to /home/lyra/.config/discord/0.0.63/modules/pending/discord_voice-1.zip: 45%
2024-08-06T04:45:14.635Z [Modules] Streaming discord_voice@1 to /home/lyra/.config/discord/0.0.63/modules/pending/discord_voice-1.zip: 46%
2024-08-06T04:45:14.646Z [Modules] Streaming discord_voice@1 to /home/lyra/.config/discord/0.0.63/modules/pending/discord_voice-1.zip: 47%
2024-08-06T04:45:14.658Z [Modules] Streaming discord_voice@1 to /home/lyra/.config/discord/0.0.63/modules/pending/discord_voice-1.zip: 48%
2024-08-06T04:45:14.663Z [Modules] Streaming discord_voice@1 to /home/lyra/.config/discord/0.0.63/modules/pending/discord_voice-1.zip: 49%
2024-08-06T04:45:14.671Z [Modules] Streaming discord_voice@1 to /home/lyra/.config/discord/0.0.63/modules/pending/discord_voice-1.zip: 50%
2024-08-06T04:45:14.681Z [Modules] Streaming discord_voice@1 to /home/lyra/.config/discord/0.0.63/modules/pending/discord_voice-1.zip: 51%
2024-08-06T04:45:14.691Z [Modules] Streaming discord_voice@1 to /home/lyra/.config/discord/0.0.63/modules/pending/discord_voice-1.zip: 52%
2024-08-06T04:45:14.701Z [Modules] Streaming discord_voice@1 to /home/lyra/.config/discord/0.0.63/modules/pending/discord_voice-1.zip: 53%
2024-08-06T04:45:14.712Z [Modules] Streaming discord_voice@1 to /home/lyra/.config/discord/0.0.63/modules/pending/discord_voice-1.zip: 54%
2024-08-06T04:45:14.715Z [Modules] Streaming discord_voice@1 to /home/lyra/.config/discord/0.0.63/modules/pending/discord_voice-1.zip: 55%
2024-08-06T04:45:14.727Z [Modules] Streaming discord_voice@1 to /home/lyra/.config/discord/0.0.63/modules/pending/discord_voice-1.zip: 56%
2024-08-06T04:45:14.740Z [Modules] Streaming discord_voice@1 to /home/lyra/.config/discord/0.0.63/modules/pending/discord_voice-1.zip: 57%
2024-08-06T04:45:14.744Z [Modules] Streaming discord_voice@1 to /home/lyra/.config/discord/0.0.63/modules/pending/discord_voice-1.zip: 58%
2024-08-06T04:45:14.758Z [Modules] Streaming discord_voice@1 to /home/lyra/.config/discord/0.0.63/modules/pending/discord_voice-1.zip: 59%
2024-08-06T04:45:14.768Z [Modules] Streaming discord_voice@1 to /home/lyra/.config/discord/0.0.63/modules/pending/discord_voice-1.zip: 60%
2024-08-06T04:45:14.773Z [Modules] Streaming discord_voice@1 to /home/lyra/.config/discord/0.0.63/modules/pending/discord_voice-1.zip: 61%
2024-08-06T04:45:14.789Z [Modules] Streaming discord_voice@1 to /home/lyra/.config/discord/0.0.63/modules/pending/discord_voice-1.zip: 62%
2024-08-06T04:45:14.803Z [Modules] Streaming discord_voice@1 to /home/lyra/.config/discord/0.0.63/modules/pending/discord_voice-1.zip: 63%
2024-08-06T04:45:14.813Z [Modules] Streaming discord_voice@1 to /home/lyra/.config/discord/0.0.63/modules/pending/discord_voice-1.zip: 64%
2024-08-06T04:45:14.823Z [Modules] Streaming discord_voice@1 to /home/lyra/.config/discord/0.0.63/modules/pending/discord_voice-1.zip: 65%
2024-08-06T04:45:14.827Z [Modules] Streaming discord_voice@1 to /home/lyra/.config/discord/0.0.63/modules/pending/discord_voice-1.zip: 66%
2024-08-06T04:45:14.842Z [Modules] Streaming discord_voice@1 to /home/lyra/.config/discord/0.0.63/modules/pending/discord_voice-1.zip: 67%
2024-08-06T04:45:14.856Z [Modules] Streaming discord_voice@1 to /home/lyra/.config/discord/0.0.63/modules/pending/discord_voice-1.zip: 68%
2024-08-06T04:45:14.867Z [Modules] Streaming discord_voice@1 to /home/lyra/.config/discord/0.0.63/modules/pending/discord_voice-1.zip: 69%
2024-08-06T04:45:14.884Z [Modules] Streaming discord_voice@1 to /home/lyra/.config/discord/0.0.63/modules/pending/discord_voice-1.zip: 70%
2024-08-06T04:45:14.895Z [Modules] Streaming discord_voice@1 to /home/lyra/.config/discord/0.0.63/modules/pending/discord_voice-1.zip: 71%
2024-08-06T04:45:14.908Z [Modules] Streaming discord_voice@1 to /home/lyra/.config/discord/0.0.63/modules/pending/discord_voice-1.zip: 72%
2024-08-06T04:45:14.916Z [Modules] Streaming discord_voice@1 to /home/lyra/.config/discord/0.0.63/modules/pending/discord_voice-1.zip: 73%
2024-08-06T04:45:14.924Z [Modules] Streaming discord_voice@1 to /home/lyra/.config/discord/0.0.63/modules/pending/discord_voice-1.zip: 74%
2024-08-06T04:45:14.940Z [Modules] Streaming discord_voice@1 to /home/lyra/.config/discord/0.0.63/modules/pending/discord_voice-1.zip: 75%
2024-08-06T04:45:14.963Z [Modules] Streaming discord_voice@1 to /home/lyra/.config/discord/0.0.63/modules/pending/discord_voice-1.zip: 76%
2024-08-06T04:45:14.973Z [Modules] Streaming discord_voice@1 to /home/lyra/.config/discord/0.0.63/modules/pending/discord_voice-1.zip: 77%
2024-08-06T04:45:14.983Z [Modules] Streaming discord_voice@1 to /home/lyra/.config/discord/0.0.63/modules/pending/discord_voice-1.zip: 78%
2024-08-06T04:45:15.123Z [Modules] Streaming discord_voice@1 to /home/lyra/.config/discord/0.0.63/modules/pending/discord_voice-1.zip: 79%
2024-08-06T04:45:15.127Z [Modules] Streaming discord_voice@1 to /home/lyra/.config/discord/0.0.63/modules/pending/discord_voice-1.zip: 80%
2024-08-06T04:45:15.149Z [Modules] Streaming discord_voice@1 to /home/lyra/.config/discord/0.0.63/modules/pending/discord_voice-1.zip: 81%
2024-08-06T04:45:15.159Z [Modules] Streaming discord_voice@1 to /home/lyra/.config/discord/0.0.63/modules/pending/discord_voice-1.zip: 82%
2024-08-06T04:45:15.179Z [Modules] Streaming discord_voice@1 to /home/lyra/.config/discord/0.0.63/modules/pending/discord_voice-1.zip: 83%
2024-08-06T04:45:15.189Z [Modules] Streaming discord_voice@1 to /home/lyra/.config/discord/0.0.63/modules/pending/discord_voice-1.zip: 84%
2024-08-06T04:45:15.193Z [Modules] Streaming discord_voice@1 to /home/lyra/.config/discord/0.0.63/modules/pending/discord_voice-1.zip: 85%
2024-08-06T04:45:15.204Z [Modules] Streaming discord_voice@1 to /home/lyra/.config/discord/0.0.63/modules/pending/discord_voice-1.zip: 86%
2024-08-06T04:45:15.212Z [Modules] Streaming discord_voice@1 to /home/lyra/.config/discord/0.0.63/modules/pending/discord_voice-1.zip: 87%
2024-08-06T04:45:15.229Z [Modules] Streaming discord_voice@1 to /home/lyra/.config/discord/0.0.63/modules/pending/discord_voice-1.zip: 88%
2024-08-06T04:45:15.245Z [Modules] Streaming discord_voice@1 to /home/lyra/.config/discord/0.0.63/modules/pending/discord_voice-1.zip: 89%
2024-08-06T04:45:15.249Z [Modules] Streaming discord_voice@1 to /home/lyra/.config/discord/0.0.63/modules/pending/discord_voice-1.zip: 90%
2024-08-06T04:45:15.259Z [Modules] Streaming discord_voice@1 to /home/lyra/.config/discord/0.0.63/modules/pending/discord_voice-1.zip: 91%
2024-08-06T04:45:15.275Z [Modules] Streaming discord_voice@1 to /home/lyra/.config/discord/0.0.63/modules/pending/discord_voice-1.zip: 92%
2024-08-06T04:45:15.286Z [Modules] Streaming discord_voice@1 to /home/lyra/.config/discord/0.0.63/modules/pending/discord_voice-1.zip: 93%
2024-08-06T04:45:15.298Z [Modules] Streaming discord_voice@1 to /home/lyra/.config/discord/0.0.63/modules/pending/discord_voice-1.zip: 94%
2024-08-06T04:45:15.303Z [Modules] Streaming discord_voice@1 to /home/lyra/.config/discord/0.0.63/modules/pending/discord_voice-1.zip: 95%
2024-08-06T04:45:15.316Z [Modules] Streaming discord_voice@1 to /home/lyra/.config/discord/0.0.63/modules/pending/discord_voice-1.zip: 96%
2024-08-06T04:45:15.330Z [Modules] Streaming discord_voice@1 to /home/lyra/.config/discord/0.0.63/modules/pending/discord_voice-1.zip: 97%
2024-08-06T04:45:15.342Z [Modules] Streaming discord_voice@1 to /home/lyra/.config/discord/0.0.63/modules/pending/discord_voice-1.zip: 98%
2024-08-06T04:45:15.353Z [Modules] Streaming discord_voice@1 to /home/lyra/.config/discord/0.0.63/modules/pending/discord_voice-1.zip: 99%
2024-08-06T04:45:15.357Z [Modules] Streaming discord_voice@1 to /home/lyra/.config/discord/0.0.63/modules/pending/discord_voice-1.zip: 100%
2024-08-06T04:45:15.359Z [Modules] Fetching discord_zstd@1 from https://discord.com/api/modules/stable/discord_zstd/1
2024-08-06T04:45:15.359Z [Modules] Streaming discord_zstd@1 to /home/lyra/.config/discord/0.0.63/modules/pending/discord_zstd-1.zip
2024-08-06T04:45:15.497Z [Modules] Streaming discord_zstd@1 to /home/lyra/.config/discord/0.0.63/modules/pending/discord_zstd-1.zip: 15%
2024-08-06T04:45:15.498Z [Modules] Streaming discord_zstd@1 to /home/lyra/.config/discord/0.0.63/modules/pending/discord_zstd-1.zip: 31%
2024-08-06T04:45:15.499Z [Modules] Streaming discord_zstd@1 to /home/lyra/.config/discord/0.0.63/modules/pending/discord_zstd-1.zip: 51%
2024-08-06T04:45:15.506Z [Modules] Streaming discord_zstd@1 to /home/lyra/.config/discord/0.0.63/modules/pending/discord_zstd-1.zip: 68%
2024-08-06T04:45:15.507Z [Modules] Streaming discord_zstd@1 to /home/lyra/.config/discord/0.0.63/modules/pending/discord_zstd-1.zip: 100%
2024-08-06T04:45:15.508Z [Modules] Finished module downloads. [success: 6] [failure: 0]
2024-08-06T04:45:15.508Z [Modules] Installing updates...
2024-08-06T04:45:15.508Z [Modules] Installing discord_desktop_core@1 from /home/lyra/.config/discord/0.0.63/modules/pending/discord_desktop_core-1.zip
2024-08-06T04:45:15.589Z [Modules] Installing discord_erlpack@1 from /home/lyra/.config/discord/0.0.63/modules/pending/discord_erlpack-1.zip
2024-08-06T04:45:15.636Z [Modules] Installing discord_spellcheck@1 from /home/lyra/.config/discord/0.0.63/modules/pending/discord_spellcheck-1.zip
2024-08-06T04:45:16.251Z [Modules] Installing discord_utils@1 from /home/lyra/.config/discord/0.0.63/modules/pending/discord_utils-1.zip
2024-08-06T04:45:16.356Z [Modules] Installing discord_voice@1 from /home/lyra/.config/discord/0.0.63/modules/pending/discord_voice-1.zip
2024-08-06T04:45:16.791Z [Modules] Installing discord_zstd@1 from /home/lyra/.config/discord/0.0.63/modules/pending/discord_zstd-1.zip
2024-08-06T04:45:16.801Z [Modules] Finished module installations. [success: 6] [failure: 0]
2024-08-06T04:45:16.801Z [Modules] Checking for host updates.
2024-08-06T04:45:16.914Z [Modules] Host is up to date.
2024-08-06T04:45:16.914Z [Modules] Checking for module updates at https://discord.com/api/modules/stable/versions.json
2024-08-06T04:45:16.916Z [Modules] No module updates available.
2024-08-06T04:45:17.925Z [Modules] Starting to install discord_krisp...
2024-08-06T04:45:17.925Z [Modules] Fetching discord_krisp@1 from https://discord.com/api/modules/stable/discord_krisp/1
2024-08-06T04:45:17.926Z [Modules] Streaming discord_krisp@1 to /home/lyra/.config/discord/0.0.63/modules/pending/discord_krisp-1.zip
2024-08-06T04:45:17.933Z [Modules] Starting to install discord_game_utils...
2024-08-06T04:45:18.113Z [Modules] Streaming discord_krisp@1 to /home/lyra/.config/discord/0.0.63/modules/pending/discord_krisp-1.zip: 1%
2024-08-06T04:45:18.113Z [Modules] Streaming discord_krisp@1 to /home/lyra/.config/discord/0.0.63/modules/pending/discord_krisp-1.zip: 2%
2024-08-06T04:45:18.114Z [Modules] Streaming discord_krisp@1 to /home/lyra/.config/discord/0.0.63/modules/pending/discord_krisp-1.zip: 3%
2024-08-06T04:45:18.114Z [Modules] Streaming discord_krisp@1 to /home/lyra/.config/discord/0.0.63/modules/pending/discord_krisp-1.zip: 4%
2024-08-06T04:45:18.115Z [Modules] Streaming discord_krisp@1 to /home/lyra/.config/discord/0.0.63/modules/pending/discord_krisp-1.zip: 5%
2024-08-06T04:45:18.115Z [Modules] Streaming discord_krisp@1 to /home/lyra/.config/discord/0.0.63/modules/pending/discord_krisp-1.zip: 6%
2024-08-06T04:45:18.121Z [Modules] Streaming discord_krisp@1 to /home/lyra/.config/discord/0.0.63/modules/pending/discord_krisp-1.zip: 7%
2024-08-06T04:45:18.133Z [Modules] Streaming discord_krisp@1 to /home/lyra/.config/discord/0.0.63/modules/pending/discord_krisp-1.zip: 8%
2024-08-06T04:45:18.144Z [Modules] Streaming discord_krisp@1 to /home/lyra/.config/discord/0.0.63/modules/pending/discord_krisp-1.zip: 9%
2024-08-06T04:45:18.159Z [Modules] Streaming discord_krisp@1 to /home/lyra/.config/discord/0.0.63/modules/pending/discord_krisp-1.zip: 10%
2024-08-06T04:45:18.184Z [Modules] Streaming discord_krisp@1 to /home/lyra/.config/discord/0.0.63/modules/pending/discord_krisp-1.zip: 11%
2024-08-06T04:45:18.185Z [Modules] Streaming discord_krisp@1 to /home/lyra/.config/discord/0.0.63/modules/pending/discord_krisp-1.zip: 12%
2024-08-06T04:45:18.198Z [Modules] Streaming discord_krisp@1 to /home/lyra/.config/discord/0.0.63/modules/pending/discord_krisp-1.zip: 13%
2024-08-06T04:45:18.214Z [Modules] Streaming discord_krisp@1 to /home/lyra/.config/discord/0.0.63/modules/pending/discord_krisp-1.zip: 14%
2024-08-06T04:45:18.225Z [Modules] Streaming discord_krisp@1 to /home/lyra/.config/discord/0.0.63/modules/pending/discord_krisp-1.zip: 15%
2024-08-06T04:45:18.239Z [Modules] Streaming discord_krisp@1 to /home/lyra/.config/discord/0.0.63/modules/pending/discord_krisp-1.zip: 16%
2024-08-06T04:45:18.273Z [Modules] Streaming discord_krisp@1 to /home/lyra/.config/discord/0.0.63/modules/pending/discord_krisp-1.zip: 17%
2024-08-06T04:45:18.274Z [Modules] Streaming discord_krisp@1 to /home/lyra/.config/discord/0.0.63/modules/pending/discord_krisp-1.zip: 18%
2024-08-06T04:45:18.275Z [Modules] Streaming discord_krisp@1 to /home/lyra/.config/discord/0.0.63/modules/pending/discord_krisp-1.zip: 19%
2024-08-06T04:45:18.276Z [Modules] Streaming discord_krisp@1 to /home/lyra/.config/discord/0.0.63/modules/pending/discord_krisp-1.zip: 20%
2024-08-06T04:45:18.282Z [Modules] Streaming discord_krisp@1 to /home/lyra/.config/discord/0.0.63/modules/pending/discord_krisp-1.zip: 21%
2024-08-06T04:45:18.292Z [Modules] Streaming discord_krisp@1 to /home/lyra/.config/discord/0.0.63/modules/pending/discord_krisp-1.zip: 22%
2024-08-06T04:45:18.302Z [Modules] Streaming discord_krisp@1 to /home/lyra/.config/discord/0.0.63/modules/pending/discord_krisp-1.zip: 23%
2024-08-06T04:45:18.314Z [Modules] Streaming discord_krisp@1 to /home/lyra/.config/discord/0.0.63/modules/pending/discord_krisp-1.zip: 24%
2024-08-06T04:45:18.321Z [Modules] Streaming discord_krisp@1 to /home/lyra/.config/discord/0.0.63/modules/pending/discord_krisp-1.zip: 25%
2024-08-06T04:45:18.327Z [Modules] Streaming discord_krisp@1 to /home/lyra/.config/discord/0.0.63/modules/pending/discord_krisp-1.zip: 26%
2024-08-06T04:45:18.354Z [Modules] Streaming discord_krisp@1 to /home/lyra/.config/discord/0.0.63/modules/pending/discord_krisp-1.zip: 27%
2024-08-06T04:45:18.362Z [Modules] Streaming discord_krisp@1 to /home/lyra/.config/discord/0.0.63/modules/pending/discord_krisp-1.zip: 28%
2024-08-06T04:45:18.370Z [Modules] Streaming discord_krisp@1 to /home/lyra/.config/discord/0.0.63/modules/pending/discord_krisp-1.zip: 29%
2024-08-06T04:45:18.377Z [Modules] Streaming discord_krisp@1 to /home/lyra/.config/discord/0.0.63/modules/pending/discord_krisp-1.zip: 30%
2024-08-06T04:45:18.393Z [Modules] Streaming discord_krisp@1 to /home/lyra/.config/discord/0.0.63/modules/pending/discord_krisp-1.zip: 31%
2024-08-06T04:45:18.425Z [Modules] Streaming discord_krisp@1 to /home/lyra/.config/discord/0.0.63/modules/pending/discord_krisp-1.zip: 32%
2024-08-06T04:45:18.430Z [Modules] Streaming discord_krisp@1 to /home/lyra/.config/discord/0.0.63/modules/pending/discord_krisp-1.zip: 33%
2024-08-06T04:45:18.446Z [Modules] Streaming discord_krisp@1 to /home/lyra/.config/discord/0.0.63/modules/pending/discord_krisp-1.zip: 34%
2024-08-06T04:45:18.456Z [Modules] Streaming discord_krisp@1 to /home/lyra/.config/discord/0.0.63/modules/pending/discord_krisp-1.zip: 35%
2024-08-06T04:45:18.460Z [Modules] Streaming discord_krisp@1 to /home/lyra/.config/discord/0.0.63/modules/pending/discord_krisp-1.zip: 36%
2024-08-06T04:45:18.471Z [Modules] Streaming discord_krisp@1 to /home/lyra/.config/discord/0.0.63/modules/pending/discord_krisp-1.zip: 37%
2024-08-06T04:45:18.479Z [Modules] Streaming discord_krisp@1 to /home/lyra/.config/discord/0.0.63/modules/pending/discord_krisp-1.zip: 38%
2024-08-06T04:45:18.491Z [Modules] Streaming discord_krisp@1 to /home/lyra/.config/discord/0.0.63/modules/pending/discord_krisp-1.zip: 39%
2024-08-06T04:45:18.495Z [Modules] Streaming discord_krisp@1 to /home/lyra/.config/discord/0.0.63/modules/pending/discord_krisp-1.zip: 40%
2024-08-06T04:45:18.515Z [Modules] Streaming discord_krisp@1 to /home/lyra/.config/discord/0.0.63/modules/pending/discord_krisp-1.zip: 41%
2024-08-06T04:45:18.525Z [Modules] Streaming discord_krisp@1 to /home/lyra/.config/discord/0.0.63/modules/pending/discord_krisp-1.zip: 42%
2024-08-06T04:45:18.530Z [Modules] Streaming discord_krisp@1 to /home/lyra/.config/discord/0.0.63/modules/pending/discord_krisp-1.zip: 43%
2024-08-06T04:45:18.551Z [Modules] Streaming discord_krisp@1 to /home/lyra/.config/discord/0.0.63/modules/pending/discord_krisp-1.zip: 44%
2024-08-06T04:45:18.562Z [Modules] Streaming discord_krisp@1 to /home/lyra/.config/discord/0.0.63/modules/pending/discord_krisp-1.zip: 45%
2024-08-06T04:45:18.570Z [Modules] Streaming discord_krisp@1 to /home/lyra/.config/discord/0.0.63/modules/pending/discord_krisp-1.zip: 46%
2024-08-06T04:45:18.585Z [Modules] Streaming discord_krisp@1 to /home/lyra/.config/discord/0.0.63/modules/pending/discord_krisp-1.zip: 47%
2024-08-06T04:45:18.595Z [Modules] Streaming discord_krisp@1 to /home/lyra/.config/discord/0.0.63/modules/pending/discord_krisp-1.zip: 48%
2024-08-06T04:45:18.611Z [Modules] Streaming discord_krisp@1 to /home/lyra/.config/discord/0.0.63/modules/pending/discord_krisp-1.zip: 49%
2024-08-06T04:45:18.616Z [Modules] Streaming discord_krisp@1 to /home/lyra/.config/discord/0.0.63/modules/pending/discord_krisp-1.zip: 50%
2024-08-06T04:45:18.643Z [Modules] Streaming discord_krisp@1 to /home/lyra/.config/discord/0.0.63/modules/pending/discord_krisp-1.zip: 51%
2024-08-06T04:45:18.646Z [Modules] Streaming discord_krisp@1 to /home/lyra/.config/discord/0.0.63/modules/pending/discord_krisp-1.zip: 52%
2024-08-06T04:45:18.650Z [Modules] Streaming discord_krisp@1 to /home/lyra/.config/discord/0.0.63/modules/pending/discord_krisp-1.zip: 53%
2024-08-06T04:45:18.660Z [Modules] Streaming discord_krisp@1 to /home/lyra/.config/discord/0.0.63/modules/pending/discord_krisp-1.zip: 54%
2024-08-06T04:45:18.671Z [Modules] Streaming discord_krisp@1 to /home/lyra/.config/discord/0.0.63/modules/pending/discord_krisp-1.zip: 55%
2024-08-06T04:45:18.692Z [Modules] Streaming discord_krisp@1 to /home/lyra/.config/discord/0.0.63/modules/pending/discord_krisp-1.zip: 56%
2024-08-06T04:45:18.693Z [Modules] Streaming discord_krisp@1 to /home/lyra/.config/discord/0.0.63/modules/pending/discord_krisp-1.zip: 57%
2024-08-06T04:45:18.703Z [Modules] Streaming discord_krisp@1 to /home/lyra/.config/discord/0.0.63/modules/pending/discord_krisp-1.zip: 58%
2024-08-06T04:45:18.710Z [Modules] Streaming discord_krisp@1 to /home/lyra/.config/discord/0.0.63/modules/pending/discord_krisp-1.zip: 59%
2024-08-06T04:45:18.720Z [Modules] Streaming discord_krisp@1 to /home/lyra/.config/discord/0.0.63/modules/pending/discord_krisp-1.zip: 60%
2024-08-06T04:45:18.734Z [Modules] Streaming discord_krisp@1 to /home/lyra/.config/discord/0.0.63/modules/pending/discord_krisp-1.zip: 61%
2024-08-06T04:45:18.748Z [Modules] Streaming discord_krisp@1 to /home/lyra/.config/discord/0.0.63/modules/pending/discord_krisp-1.zip: 62%
2024-08-06T04:45:18.759Z [Modules] Streaming discord_krisp@1 to /home/lyra/.config/discord/0.0.63/modules/pending/discord_krisp-1.zip: 63%
2024-08-06T04:45:18.764Z [Modules] Streaming discord_krisp@1 to /home/lyra/.config/discord/0.0.63/modules/pending/discord_krisp-1.zip: 64%
2024-08-06T04:45:18.773Z [Modules] Streaming discord_krisp@1 to /home/lyra/.config/discord/0.0.63/modules/pending/discord_krisp-1.zip: 65%
2024-08-06T04:45:18.990Z [Modules] Streaming discord_krisp@1 to /home/lyra/.config/discord/0.0.63/modules/pending/discord_krisp-1.zip: 66%
2024-08-06T04:45:19.001Z [Modules] Streaming discord_krisp@1 to /home/lyra/.config/discord/0.0.63/modules/pending/discord_krisp-1.zip: 67%
2024-08-06T04:45:19.010Z [Modules] Streaming discord_krisp@1 to /home/lyra/.config/discord/0.0.63/modules/pending/discord_krisp-1.zip: 68%
2024-08-06T04:45:19.015Z [Modules] Streaming discord_krisp@1 to /home/lyra/.config/discord/0.0.63/modules/pending/discord_krisp-1.zip: 69%
2024-08-06T04:45:19.030Z [Modules] Streaming discord_krisp@1 to /home/lyra/.config/discord/0.0.63/modules/pending/discord_krisp-1.zip: 70%
2024-08-06T04:45:19.040Z [Modules] Streaming discord_krisp@1 to /home/lyra/.config/discord/0.0.63/modules/pending/discord_krisp-1.zip: 71%
2024-08-06T04:45:19.050Z [Modules] Streaming discord_krisp@1 to /home/lyra/.config/discord/0.0.63/modules/pending/discord_krisp-1.zip: 72%
2024-08-06T04:45:19.062Z [Modules] Streaming discord_krisp@1 to /home/lyra/.config/discord/0.0.63/modules/pending/discord_krisp-1.zip: 73%
2024-08-06T04:45:19.071Z [Modules] Streaming discord_krisp@1 to /home/lyra/.config/discord/0.0.63/modules/pending/discord_krisp-1.zip: 74%
2024-08-06T04:45:19.081Z [Modules] Streaming discord_krisp@1 to /home/lyra/.config/discord/0.0.63/modules/pending/discord_krisp-1.zip: 75%
2024-08-06T04:45:19.089Z [Modules] Streaming discord_krisp@1 to /home/lyra/.config/discord/0.0.63/modules/pending/discord_krisp-1.zip: 76%
2024-08-06T04:45:19.099Z [Modules] Streaming discord_krisp@1 to /home/lyra/.config/discord/0.0.63/modules/pending/discord_krisp-1.zip: 77%
2024-08-06T04:45:19.110Z [Modules] Streaming discord_krisp@1 to /home/lyra/.config/discord/0.0.63/modules/pending/discord_krisp-1.zip: 78%
2024-08-06T04:45:19.279Z [Modules] Checking for host updates.
2024-08-06T04:45:19.280Z [Modules] Streaming discord_krisp@1 to /home/lyra/.config/discord/0.0.63/modules/pending/discord_krisp-1.zip: 79%
2024-08-06T04:45:19.289Z [Modules] Streaming discord_krisp@1 to /home/lyra/.config/discord/0.0.63/modules/pending/discord_krisp-1.zip: 80%
2024-08-06T04:45:19.297Z [Modules] Streaming discord_krisp@1 to /home/lyra/.config/discord/0.0.63/modules/pending/discord_krisp-1.zip: 81%
2024-08-06T04:45:19.307Z [Modules] Streaming discord_krisp@1 to /home/lyra/.config/discord/0.0.63/modules/pending/discord_krisp-1.zip: 82%
2024-08-06T04:45:19.317Z [Modules] Streaming discord_krisp@1 to /home/lyra/.config/discord/0.0.63/modules/pending/discord_krisp-1.zip: 83%
2024-08-06T04:45:19.325Z [Modules] Streaming discord_krisp@1 to /home/lyra/.config/discord/0.0.63/modules/pending/discord_krisp-1.zip: 84%
2024-08-06T04:45:19.338Z [Modules] Streaming discord_krisp@1 to /home/lyra/.config/discord/0.0.63/modules/pending/discord_krisp-1.zip: 85%
2024-08-06T04:45:19.348Z [Modules] Streaming discord_krisp@1 to /home/lyra/.config/discord/0.0.63/modules/pending/discord_krisp-1.zip: 86%
2024-08-06T04:45:19.358Z [Modules] Streaming discord_krisp@1 to /home/lyra/.config/discord/0.0.63/modules/pending/discord_krisp-1.zip: 87%
2024-08-06T04:45:19.368Z [Modules] Starting to install discord_rpc...
2024-08-06T04:45:19.371Z [Modules] Streaming discord_krisp@1 to /home/lyra/.config/discord/0.0.63/modules/pending/discord_krisp-1.zip: 88%
2024-08-06T04:45:19.381Z [Modules] Streaming discord_krisp@1 to /home/lyra/.config/discord/0.0.63/modules/pending/discord_krisp-1.zip: 89%
2024-08-06T04:45:19.385Z [Modules] Streaming discord_krisp@1 to /home/lyra/.config/discord/0.0.63/modules/pending/discord_krisp-1.zip: 90%
2024-08-06T04:45:19.399Z [Modules] Streaming discord_krisp@1 to /home/lyra/.config/discord/0.0.63/modules/pending/discord_krisp-1.zip: 91%
2024-08-06T04:45:19.410Z [Modules] Streaming discord_krisp@1 to /home/lyra/.config/discord/0.0.63/modules/pending/discord_krisp-1.zip: 92%
2024-08-06T04:45:19.420Z [Modules] Streaming discord_krisp@1 to /home/lyra/.config/discord/0.0.63/modules/pending/discord_krisp-1.zip: 93%
2024-08-06T04:45:19.422Z [Modules] Host is up to date.
2024-08-06T04:45:19.422Z [Modules] Checking for module updates at https://discord.com/api/modules/stable/versions.json
2024-08-06T04:45:19.424Z [Modules] No module updates available.
2024-08-06T04:45:19.434Z [Modules] Streaming discord_krisp@1 to /home/lyra/.config/discord/0.0.63/modules/pending/discord_krisp-1.zip: 94%
2024-08-06T04:45:19.445Z [Modules] Streaming discord_krisp@1 to /home/lyra/.config/discord/0.0.63/modules/pending/discord_krisp-1.zip: 95%
2024-08-06T04:45:19.449Z [Modules] Streaming discord_krisp@1 to /home/lyra/.config/discord/0.0.63/modules/pending/discord_krisp-1.zip: 96%
2024-08-06T04:45:19.476Z [Modules] Streaming discord_krisp@1 to /home/lyra/.config/discord/0.0.63/modules/pending/discord_krisp-1.zip: 97%
2024-08-06T04:45:19.486Z [Modules] Streaming discord_krisp@1 to /home/lyra/.config/discord/0.0.63/modules/pending/discord_krisp-1.zip: 98%
2024-08-06T04:45:19.494Z [Modules] Streaming discord_krisp@1 to /home/lyra/.config/discord/0.0.63/modules/pending/discord_krisp-1.zip: 99%
2024-08-06T04:45:19.502Z [Modules] Streaming discord_krisp@1 to /home/lyra/.config/discord/0.0.63/modules/pending/discord_krisp-1.zip: 100%
2024-08-06T04:45:19.503Z [Modules] Fetching discord_game_utils@1 from https://discord.com/api/modules/stable/discord_game_utils/1
2024-08-06T04:45:19.503Z [Modules] Streaming discord_game_utils@1 to /home/lyra/.config/discord/0.0.63/modules/pending/discord_game_utils-1.zip
2024-08-06T04:45:19.504Z [Modules] Installing discord_krisp@1 from /home/lyra/.config/discord/0.0.63/modules/pending/discord_krisp-1.zip
2024-08-06T04:45:19.637Z [Modules] Streaming discord_game_utils@1 to /home/lyra/.config/discord/0.0.63/modules/pending/discord_game_utils-1.zip: 2%
2024-08-06T04:45:19.641Z [Modules] Streaming discord_game_utils@1 to /home/lyra/.config/discord/0.0.63/modules/pending/discord_game_utils-1.zip: 4%
2024-08-06T04:45:19.642Z [Modules] Streaming discord_game_utils@1 to /home/lyra/.config/discord/0.0.63/modules/pending/discord_game_utils-1.zip: 7%
2024-08-06T04:45:19.652Z [Modules] Streaming discord_game_utils@1 to /home/lyra/.config/discord/0.0.63/modules/pending/discord_game_utils-1.zip: 10%
2024-08-06T04:45:19.652Z [Modules] Streaming discord_game_utils@1 to /home/lyra/.config/discord/0.0.63/modules/pending/discord_game_utils-1.zip: 14%
2024-08-06T04:45:19.658Z [Modules] Streaming discord_game_utils@1 to /home/lyra/.config/discord/0.0.63/modules/pending/discord_game_utils-1.zip: 16%
2024-08-06T04:45:19.658Z [Modules] Streaming discord_game_utils@1 to /home/lyra/.config/discord/0.0.63/modules/pending/discord_game_utils-1.zip: 18%
2024-08-06T04:45:19.662Z [Modules] Streaming discord_game_utils@1 to /home/lyra/.config/discord/0.0.63/modules/pending/discord_game_utils-1.zip: 21%
2024-08-06T04:45:19.663Z [Modules] Streaming discord_game_utils@1 to /home/lyra/.config/discord/0.0.63/modules/pending/discord_game_utils-1.zip: 23%
2024-08-06T04:45:19.670Z [Modules] Streaming discord_game_utils@1 to /home/lyra/.config/discord/0.0.63/modules/pending/discord_game_utils-1.zip: 25%
2024-08-06T04:45:19.671Z [Modules] Streaming discord_game_utils@1 to /home/lyra/.config/discord/0.0.63/modules/pending/discord_game_utils-1.zip: 28%
2024-08-06T04:45:19.677Z [Modules] Streaming discord_game_utils@1 to /home/lyra/.config/discord/0.0.63/modules/pending/discord_game_utils-1.zip: 31%
2024-08-06T04:45:19.677Z [Modules] Streaming discord_game_utils@1 to /home/lyra/.config/discord/0.0.63/modules/pending/discord_game_utils-1.zip: 33%
2024-08-06T04:45:19.689Z [Modules] Streaming discord_game_utils@1 to /home/lyra/.config/discord/0.0.63/modules/pending/discord_game_utils-1.zip: 36%
2024-08-06T04:45:19.690Z [Modules] Streaming discord_game_utils@1 to /home/lyra/.config/discord/0.0.63/modules/pending/discord_game_utils-1.zip: 38%
2024-08-06T04:45:19.693Z [Modules] Streaming discord_game_utils@1 to /home/lyra/.config/discord/0.0.63/modules/pending/discord_game_utils-1.zip: 40%
2024-08-06T04:45:19.694Z [Modules] Streaming discord_game_utils@1 to /home/lyra/.config/discord/0.0.63/modules/pending/discord_game_utils-1.zip: 43%
2024-08-06T04:45:19.698Z [Modules] Streaming discord_game_utils@1 to /home/lyra/.config/discord/0.0.63/modules/pending/discord_game_utils-1.zip: 45%
2024-08-06T04:45:19.698Z [Modules] Streaming discord_game_utils@1 to /home/lyra/.config/discord/0.0.63/modules/pending/discord_game_utils-1.zip: 47%
2024-08-06T04:45:19.701Z [Modules] Streaming discord_game_utils@1 to /home/lyra/.config/discord/0.0.63/modules/pending/discord_game_utils-1.zip: 50%
2024-08-06T04:45:19.702Z [Modules] Streaming discord_game_utils@1 to /home/lyra/.config/discord/0.0.63/modules/pending/discord_game_utils-1.zip: 53%
2024-08-06T04:45:19.706Z [Modules] Streaming discord_game_utils@1 to /home/lyra/.config/discord/0.0.63/modules/pending/discord_game_utils-1.zip: 55%
2024-08-06T04:45:19.706Z [Modules] Streaming discord_game_utils@1 to /home/lyra/.config/discord/0.0.63/modules/pending/discord_game_utils-1.zip: 57%
2024-08-06T04:45:19.710Z [Modules] Streaming discord_game_utils@1 to /home/lyra/.config/discord/0.0.63/modules/pending/discord_game_utils-1.zip: 60%
2024-08-06T04:45:19.710Z [Modules] Streaming discord_game_utils@1 to /home/lyra/.config/discord/0.0.63/modules/pending/discord_game_utils-1.zip: 62%
2024-08-06T04:45:19.716Z [Modules] Streaming discord_game_utils@1 to /home/lyra/.config/discord/0.0.63/modules/pending/discord_game_utils-1.zip: 64%
2024-08-06T04:45:19.716Z [Modules] Streaming discord_game_utils@1 to /home/lyra/.config/discord/0.0.63/modules/pending/discord_game_utils-1.zip: 67%
2024-08-06T04:45:19.720Z [Modules] Streaming discord_game_utils@1 to /home/lyra/.config/discord/0.0.63/modules/pending/discord_game_utils-1.zip: 69%
2024-08-06T04:45:19.720Z [Modules] Streaming discord_game_utils@1 to /home/lyra/.config/discord/0.0.63/modules/pending/discord_game_utils-1.zip: 72%
2024-08-06T04:45:19.729Z [Modules] Streaming discord_game_utils@1 to /home/lyra/.config/discord/0.0.63/modules/pending/discord_game_utils-1.zip: 75%
2024-08-06T04:45:19.729Z [Modules] Streaming discord_game_utils@1 to /home/lyra/.config/discord/0.0.63/modules/pending/discord_game_utils-1.zip: 77%
2024-08-06T04:45:19.730Z [Modules] Streaming discord_game_utils@1 to /home/lyra/.config/discord/0.0.63/modules/pending/discord_game_utils-1.zip: 79%
2024-08-06T04:45:19.731Z [Modules] Streaming discord_game_utils@1 to /home/lyra/.config/discord/0.0.63/modules/pending/discord_game_utils-1.zip: 82%
2024-08-06T04:45:19.734Z [Modules] Streaming discord_game_utils@1 to /home/lyra/.config/discord/0.0.63/modules/pending/discord_game_utils-1.zip: 84%
2024-08-06T04:45:19.735Z [Modules] Streaming discord_game_utils@1 to /home/lyra/.config/discord/0.0.63/modules/pending/discord_game_utils-1.zip: 86%
2024-08-06T04:45:19.740Z [Modules] Streaming discord_game_utils@1 to /home/lyra/.config/discord/0.0.63/modules/pending/discord_game_utils-1.zip: 89%
2024-08-06T04:45:19.741Z [Modules] Streaming discord_game_utils@1 to /home/lyra/.config/discord/0.0.63/modules/pending/discord_game_utils-1.zip: 91%
2024-08-06T04:45:19.746Z [Modules] Streaming discord_game_utils@1 to /home/lyra/.config/discord/0.0.63/modules/pending/discord_game_utils-1.zip: 93%
2024-08-06T04:45:19.747Z [Modules] Streaming discord_game_utils@1 to /home/lyra/.config/discord/0.0.63/modules/pending/discord_game_utils-1.zip: 96%
2024-08-06T04:45:19.751Z [Modules] Streaming discord_game_utils@1 to /home/lyra/.config/discord/0.0.63/modules/pending/discord_game_utils-1.zip: 99%
2024-08-06T04:45:19.751Z [Modules] Streaming discord_game_utils@1 to /home/lyra/.config/discord/0.0.63/modules/pending/discord_game_utils-1.zip: 100%
2024-08-06T04:45:19.752Z [Modules] Fetching discord_rpc@1 from https://discord.com/api/modules/stable/discord_rpc/1
2024-08-06T04:45:19.752Z [Modules] Streaming discord_rpc@1 to /home/lyra/.config/discord/0.0.63/modules/pending/discord_rpc-1.zip
2024-08-06T04:45:19.862Z [Modules] Installing discord_game_utils@1 from /home/lyra/.config/discord/0.0.63/modules/pending/discord_game_utils-1.zip
2024-08-06T04:45:19.879Z [Modules] Streaming discord_rpc@1 to /home/lyra/.config/discord/0.0.63/modules/pending/discord_rpc-1.zip: 100%
2024-08-06T04:45:19.880Z [Modules] Finished module downloads. [success: 3] [failure: 0]
2024-08-06T04:45:19.912Z [Modules] Installing discord_rpc@1 from /home/lyra/.config/discord/0.0.63/modules/pending/discord_rpc-1.zip
2024-08-06T04:45:19.925Z [Modules] Finished module installations. [success: 3] [failure: 0]
